<?xml version="1.0" encoding="UTF-8"?>
<!-- Generated by org.testng.reporters.JUnitXMLReporter -->
<testsuite ignored="0" hostname="NomadicShri" failures="0" tests="6" name="Test(failed)(failed)" time="10.648" errors="0" timestamp="2022-04-07T10:55:46 EDT">
  <testcase classname="PathFactory.PathFactory.AutomationPractice" name="@BeforeClass launchUrl" time="10.322">
    <failure type="org.openqa.selenium.SessionNotCreatedException" message="session not created: This version of ChromeDriver only supports Chrome version 98
Current browser version is 100.0.4896.75 with binary path C:\Program Files\Google\Chrome\Application\chrome.exe
Build info: version: &amp;apos;3.141.59&amp;apos;, revision: &amp;apos;e82be7d358&amp;apos;, time: &amp;apos;2018-11-14T08:25:53&amp;apos;
System info: host: &amp;apos;NOMADICSHRI&amp;apos;, ip: &amp;apos;192.168.0.96&amp;apos;, os.name: &amp;apos;Windows 10&amp;apos;, os.arch: &amp;apos;amd64&amp;apos;, os.version: &amp;apos;10.0&amp;apos;, java.version: &amp;apos;15.0.1&amp;apos;
Driver info: driver.version: ChromeDriver
remote stacktrace: Backtrace:
	Ordinal0 [0x003569A3+2582947]
	Ordinal0 [0x002EA6D1+2139857]
	Ordinal0 [0x001E3A98+1063576]
	Ordinal0 [0x002033B8+1192888]
	Ordinal0 [0x001FF235+1176117]
	Ordinal0 [0x001FC9E1+1165793]
	Ordinal0 [0x0022CFFF+1363967]
	Ordinal0 [0x0022CC2A+1362986]
	Ordinal0 [0x00228366+1344358]
	Ordinal0 [0x00205176+1200502]
	Ordinal0 [0x00206066+1204326]
	GetHandleVerifier [0x004FBE02+1675858]
	GetHandleVerifier [0x005B036C+2414524]
	GetHandleVerifier [0x003EBB01+560977]
	GetHandleVerifier [0x003EA8D3+556323]
	Ordinal0 [0x002F020E+2163214]
	Ordinal0 [0x002F5078+2183288]
	Ordinal0 [0x002F51C0+2183616]
	Ordinal0 [0x002FEE1C+2223644]
	BaseThreadInitThunk [0x7676FA29+25]
	RtlGetAppContainerNamedObjectPath [0x77457A7E+286]
	RtlGetAppContainerNamedObjectPath [0x77457A4E+238]
	(No symbol) [0x00000000]
">
      <![CDATA[org.openqa.selenium.SessionNotCreatedException: session not created: This version of ChromeDriver only supports Chrome version 98
Current browser version is 100.0.4896.75 with binary path C:\Program Files\Google\Chrome\Application\chrome.exe
Build info: version: '3.141.59', revision: 'e82be7d358', time: '2018-11-14T08:25:53'
System info: host: 'NOMADICSHRI', ip: '192.168.0.96', os.name: 'Windows 10', os.arch: 'amd64', os.version: '10.0', java.version: '15.0.1'
Driver info: driver.version: ChromeDriver
remote stacktrace: Backtrace:
Ordinal0 [0x003569A3+2582947]
Ordinal0 [0x002EA6D1+2139857]
Ordinal0 [0x001E3A98+1063576]
Ordinal0 [0x002033B8+1192888]
Ordinal0 [0x001FF235+1176117]
Ordinal0 [0x001FC9E1+1165793]
Ordinal0 [0x0022CFFF+1363967]
Ordinal0 [0x0022CC2A+1362986]
Ordinal0 [0x00228366+1344358]
Ordinal0 [0x00205176+1200502]
Ordinal0 [0x00206066+1204326]
GetHandleVerifier [0x004FBE02+1675858]
GetHandleVerifier [0x005B036C+2414524]
GetHandleVerifier [0x003EBB01+560977]
GetHandleVerifier [0x003EA8D3+556323]
Ordinal0 [0x002F020E+2163214]
Ordinal0 [0x002F5078+2183288]
Ordinal0 [0x002F51C0+2183616]
Ordinal0 [0x002FEE1C+2223644]
BaseThreadInitThunk [0x7676FA29+25]
RtlGetAppContainerNamedObjectPath [0x77457A7E+286]
RtlGetAppContainerNamedObjectPath [0x77457A4E+238]
(No symbol) [0x00000000]

at org.openqa.selenium.remote.W3CHandshakeResponse.lambda$errorHandler$0(W3CHandshakeResponse.java:62)
at org.openqa.selenium.remote.HandshakeResponse.lambda$getResponseFunction$0(HandshakeResponse.java:30)
at org.openqa.selenium.remote.ProtocolHandshake.lambda$createSession$0(ProtocolHandshake.java:126)
at java.base/java.util.stream.ReferencePipeline$3$1.accept(ReferencePipeline.java:195)
at java.base/java.util.Spliterators$ArraySpliterator.tryAdvance(Spliterators.java:958)
at java.base/java.util.stream.ReferencePipeline.forEachWithCancel(ReferencePipeline.java:127)
at java.base/java.util.stream.AbstractPipeline.copyIntoWithCancel(AbstractPipeline.java:502)
at java.base/java.util.stream.AbstractPipeline.copyInto(AbstractPipeline.java:488)
at java.base/java.util.stream.AbstractPipeline.wrapAndCopyInto(AbstractPipeline.java:474)
at java.base/java.util.stream.FindOps$FindOp.evaluateSequential(FindOps.java:150)
at java.base/java.util.stream.AbstractPipeline.evaluate(AbstractPipeline.java:234)
at java.base/java.util.stream.ReferencePipeline.findFirst(ReferencePipeline.java:543)
at org.openqa.selenium.remote.ProtocolHandshake.createSession(ProtocolHandshake.java:128)
at org.openqa.selenium.remote.ProtocolHandshake.createSession(ProtocolHandshake.java:74)
at org.openqa.selenium.remote.HttpCommandExecutor.execute(HttpCommandExecutor.java:136)
at org.openqa.selenium.remote.service.DriverCommandExecutor.execute(DriverCommandExecutor.java:83)
at org.openqa.selenium.remote.RemoteWebDriver.execute(RemoteWebDriver.java:552)
at org.openqa.selenium.remote.RemoteWebDriver.startSession(RemoteWebDriver.java:213)
at org.openqa.selenium.remote.RemoteWebDriver.<init>(RemoteWebDriver.java:131)
at org.openqa.selenium.chrome.ChromeDriver.<init>(ChromeDriver.java:181)
at org.openqa.selenium.chrome.ChromeDriver.<init>(ChromeDriver.java:168)
at org.openqa.selenium.chrome.ChromeDriver.<init>(ChromeDriver.java:123)
at PathFactory.PathFactory.Base.setupBrowser(Base.java:15)
at PathFactory.PathFactory.AutomationPractice.launchUrl(AutomationPractice.java:47)
at java.base/java.util.ArrayList.forEach(ArrayList.java:1511)
... Removed 30 stack frames]]>
    </failure>
  </testcase> <!-- @BeforeClass launchUrl -->
  <testcase classname="PathFactory.PathFactory.AutomationPractice" name="@AfterClass tearDown" time="-1.64934334618E9">
    <skipped/>
  </testcase> <!-- @AfterClass tearDown -->
  <testcase classname="PathFactory.PathFactory.AutomationPractice" name="verifyLandingPageTest" time="0.0">
    <skipped/>
  </testcase> <!-- verifyLandingPageTest -->
  <testcase classname="PathFactory.PathFactory.AutomationPractice" name="verifyEmptyStateErrorTest" time="0.0">
    <skipped/>
  </testcase> <!-- verifyEmptyStateErrorTest -->
  <testcase classname="PathFactory.PathFactory.AutomationPractice" name="verifyIncorrectPasswordErrorTest" time="0.0">
    <skipped/>
  </testcase> <!-- verifyIncorrectPasswordErrorTest -->
  <testcase classname="PathFactory.PathFactory.AutomationPractice" name="verifyIncorrectEmailErrorTest" time="0.0">
    <skipped/>
  </testcase> <!-- verifyIncorrectEmailErrorTest -->
  <testcase classname="PathFactory.PathFactory.AutomationPractice" name="verifyForgotPasswordLinkTest" time="0.0">
    <skipped/>
  </testcase> <!-- verifyForgotPasswordLinkTest -->
  <testcase classname="PathFactory.PathFactory.AutomationPractice" name="verifyLoginSuccess" time="0.0">
    <skipped/>
  </testcase> <!-- verifyLoginSuccess -->
</testsuite> <!-- Test(failed)(failed) -->
